<?xml version="1.0" encoding="UTF-8"?>
<!-- Generated by org.testng.reporters.JUnitReportReporter -->
<testsuite hostname="DESKTOP-K8HJ363" failures="0" tests="3" name="pra_package.My_cabi_account" time="88.340" errors="0" timestamp="2020-12-17T16:58:32 IST" skipped="0">
  <testcase classname="pra_package.My_cabi_account" name="account_creation" time="41.369"/>
  <system-out/>
  <testcase classname="pra_package.My_cabi_account" name="login_with_created_account" time="19.022"/>
  <system-out/>
  <testcase classname="pra_package.My_cabi_account" name="mycabi_tab" time="27.949"/>
  <system-out/>
</testsuite> <!-- pra_package.My_cabi_account -->
