<?xml version="1.0" encoding="UTF-8"?>
<!-- Generated by org.testng.reporters.JUnitReportReporter -->
<testsuite hostname="DESKTOP-K8HJ363" failures="0" tests="2" name="pra_package.PRA" time="50.567" errors="0" timestamp="2020-11-11T17:06:08 IST" skipped="0">
  <testcase classname="pra_package.PRA" name="title_verification" time="20.706"/>
  <system-out/>
  <testcase classname="pra_package.PRA" name="login_Test" time="29.861"/>
  <system-out/>
</testsuite> <!-- pra_package.PRA -->
